<?xml version="1.0" encoding="UTF-8"?>
<testng-results ignored="0" total="1" passed="1" failed="0" skipped="0">
  <reporter-output>
    <line>
      <![CDATA[<a href='test.png'> <img src='test.png' height='100' width='100'/> </a>]]>
    </line>
  </reporter-output>
  <suite started-at="2024-08-22T07:55:44 UTC" name="Suite" finished-at="2024-08-22T07:55:47 UTC" duration-ms="2185">
    <groups>
    </groups>
    <test started-at="2024-08-22T07:55:44 UTC" name="Test" finished-at="2024-08-22T07:55:47 UTC" duration-ms="2185">
      <class name="mytest.testSelenium">
        <test-method signature="testAction()[pri:0, instance:mytest.testSelenium@58695725]" started-at="2024-08-22T07:55:44 UTC" name="testAction" finished-at="2024-08-22T07:55:47 UTC" duration-ms="2148" status="PASS">
          <reporter-output>
            <line>
              <![CDATA[<a href='test.png'> <img src='test.png' height='100' width='100'/> </a>]]>
            </line>
          </reporter-output>
        </test-method> <!-- testAction -->
      </class> <!-- mytest.testSelenium -->
    </test> <!-- Test -->
  </suite> <!-- Suite -->
</testng-results>
